[22:57:57] [ERROR] mysql_connect: invalid option id '3306' (../includes/mysql.inc:5 -> C:\Users\Vlad\Desktop\work\BrilliantRolePlay\pawno\include\YSI_Coding\..\YSI_Internal\y_cgen.inc:30 -> C:\Users\Vlad\Desktop\work\BrilliantRolePlay\pawno\include\YSI_Coding\..\YSI_Core\..\YSI_Internal\..\YSI_Server\y_scriptinit.inc:183)
[22:57:57] [ERROR] mysql_errno: invalid connection handle '1' (../includes/mysql.inc:6 -> C:\Users\Vlad\Desktop\work\BrilliantRolePlay\pawno\include\YSI_Coding\..\YSI_Internal\y_cgen.inc:30 -> C:\Users\Vlad\Desktop\work\BrilliantRolePlay\pawno\include\YSI_Coding\..\YSI_Core\..\YSI_Internal\..\YSI_Server\y_scriptinit.inc:183)
[22:57:57] [ERROR] mysql_errno: invalid connection handle '1' (../includes/mysql.inc:14 -> C:\Users\Vlad\Desktop\work\BrilliantRolePlay\pawno\include\YSI_Coding\..\YSI_Internal\y_cgen.inc:30 -> C:\Users\Vlad\Desktop\work\BrilliantRolePlay\pawno\include\YSI_Coding\..\YSI_Core\..\YSI_Internal\..\YSI_Server\y_scriptinit.inc:183)
[22:58:04] [ERROR] mysql_connect: invalid option id '3306' (../includes/mysql.inc:5 -> C:\Users\Vlad\Desktop\work\BrilliantRolePlay\pawno\include\YSI_Coding\..\YSI_Internal\y_cgen.inc:30 -> C:\Users\Vlad\Desktop\work\BrilliantRolePlay\pawno\include\YSI_Coding\..\YSI_Core\..\YSI_Internal\..\YSI_Server\y_scriptinit.inc:183)
[22:58:04] [ERROR] mysql_errno: invalid connection handle '1' (../includes/mysql.inc:6 -> C:\Users\Vlad\Desktop\work\BrilliantRolePlay\pawno\include\YSI_Coding\..\YSI_Internal\y_cgen.inc:30 -> C:\Users\Vlad\Desktop\work\BrilliantRolePlay\pawno\include\YSI_Coding\..\YSI_Core\..\YSI_Internal\..\YSI_Server\y_scriptinit.inc:183)
[22:58:04] [ERROR] mysql_errno: invalid connection handle '1' (../includes/mysql.inc:14 -> C:\Users\Vlad\Desktop\work\BrilliantRolePlay\pawno\include\YSI_Coding\..\YSI_Internal\y_cgen.inc:30 -> C:\Users\Vlad\Desktop\work\BrilliantRolePlay\pawno\include\YSI_Coding\..\YSI_Core\..\YSI_Internal\..\YSI_Server\y_scriptinit.inc:183)
[22:59:06] [ERROR] mysql_connect: invalid option id '3306' (../includes/mysql.inc:5 -> C:\Users\Vlad\Desktop\work\BrilliantRolePlay\pawno\include\YSI_Coding\..\YSI_Internal\y_cgen.inc:30 -> C:\Users\Vlad\Desktop\work\BrilliantRolePlay\pawno\include\YSI_Coding\..\YSI_Core\..\YSI_Internal\..\YSI_Server\y_scriptinit.inc:183)
[22:59:06] [ERROR] mysql_errno: invalid connection handle '1' (../includes/mysql.inc:6 -> C:\Users\Vlad\Desktop\work\BrilliantRolePlay\pawno\include\YSI_Coding\..\YSI_Internal\y_cgen.inc:30 -> C:\Users\Vlad\Desktop\work\BrilliantRolePlay\pawno\include\YSI_Coding\..\YSI_Core\..\YSI_Internal\..\YSI_Server\y_scriptinit.inc:183)
[22:59:06] [ERROR] mysql_errno: invalid connection handle '1' (../includes/mysql.inc:14 -> C:\Users\Vlad\Desktop\work\BrilliantRolePlay\pawno\include\YSI_Coding\..\YSI_Internal\y_cgen.inc:30 -> C:\Users\Vlad\Desktop\work\BrilliantRolePlay\pawno\include\YSI_Coding\..\YSI_Core\..\YSI_Internal\..\YSI_Server\y_scriptinit.inc:183)
[23:00:03] [ERROR] mysql_connect: invalid option id '3306' (../includes/mysql.inc:5 -> C:\Users\Vlad\Desktop\work\BrilliantRolePlay\pawno\include\YSI_Coding\..\YSI_Internal\y_cgen.inc:30 -> C:\Users\Vlad\Desktop\work\BrilliantRolePlay\pawno\include\YSI_Coding\..\YSI_Core\..\YSI_Internal\..\YSI_Server\y_scriptinit.inc:183)
[23:00:03] [ERROR] mysql_errno: invalid connection handle '1' (../includes/mysql.inc:6 -> C:\Users\Vlad\Desktop\work\BrilliantRolePlay\pawno\include\YSI_Coding\..\YSI_Internal\y_cgen.inc:30 -> C:\Users\Vlad\Desktop\work\BrilliantRolePlay\pawno\include\YSI_Coding\..\YSI_Core\..\YSI_Internal\..\YSI_Server\y_scriptinit.inc:183)
[23:00:03] [ERROR] mysql_errno: invalid connection handle '1' (../includes/mysql.inc:14 -> C:\Users\Vlad\Desktop\work\BrilliantRolePlay\pawno\include\YSI_Coding\..\YSI_Internal\y_cgen.inc:30 -> C:\Users\Vlad\Desktop\work\BrilliantRolePlay\pawno\include\YSI_Coding\..\YSI_Core\..\YSI_Internal\..\YSI_Server\y_scriptinit.inc:183)
[23:00:37] [ERROR] mysql_connect: invalid option id '3306' (../includes/mysql.inc:5 -> C:\Users\Vlad\Desktop\work\BrilliantRolePlay\pawno\include\YSI_Coding\..\YSI_Internal\y_cgen.inc:30 -> C:\Users\Vlad\Desktop\work\BrilliantRolePlay\pawno\include\YSI_Coding\..\YSI_Core\..\YSI_Internal\..\YSI_Server\y_scriptinit.inc:183)
[23:00:37] [ERROR] mysql_errno: invalid connection handle '1' (../includes/mysql.inc:6 -> C:\Users\Vlad\Desktop\work\BrilliantRolePlay\pawno\include\YSI_Coding\..\YSI_Internal\y_cgen.inc:30 -> C:\Users\Vlad\Desktop\work\BrilliantRolePlay\pawno\include\YSI_Coding\..\YSI_Core\..\YSI_Internal\..\YSI_Server\y_scriptinit.inc:183)
[23:00:37] [ERROR] mysql_errno: invalid connection handle '1' (../includes/mysql.inc:14 -> C:\Users\Vlad\Desktop\work\BrilliantRolePlay\pawno\include\YSI_Coding\..\YSI_Internal\y_cgen.inc:30 -> C:\Users\Vlad\Desktop\work\BrilliantRolePlay\pawno\include\YSI_Coding\..\YSI_Core\..\YSI_Internal\..\YSI_Server\y_scriptinit.inc:183)
[23:38:01] [ERROR] CConnection::CConnection - establishing connection to MySQL database failed: #2002 'Can't connect to MySQL server on 'mysql.royal-host.ru' (10061)'
[23:38:02] [ERROR] CConnection::CConnection - establishing connection to MySQL database failed: #2002 'Can't connect to MySQL server on 'mysql.royal-host.ru' (10061)'
[23:38:03] [ERROR] CConnection::CConnection - establishing connection to MySQL database failed: #2002 'Can't connect to MySQL server on 'mysql.royal-host.ru' (10061)'
[23:38:04] [ERROR] CConnection::CConnection - establishing connection to MySQL database failed: #2002 'Can't connect to MySQL server on 'mysql.royal-host.ru' (10061)'
[23:42:05] [ERROR] CConnection::CConnection - establishing connection to MySQL database failed: #2002 'Can't connect to MySQL server on 'mysql.royal-host.ru' (10061)'
[23:42:06] [ERROR] CConnection::CConnection - establishing connection to MySQL database failed: #2002 'Can't connect to MySQL server on 'mysql.royal-host.ru' (10061)'
[23:42:07] [ERROR] CConnection::CConnection - establishing connection to MySQL database failed: #2002 'Can't connect to MySQL server on 'mysql.royal-host.ru' (10061)'
[23:42:08] [ERROR] CConnection::CConnection - establishing connection to MySQL database failed: #2002 'Can't connect to MySQL server on 'mysql.royal-host.ru' (10061)'
[23:43:32] [ERROR] CConnection::CConnection - establishing connection to MySQL database failed: #2002 'Can't connect to MySQL server on 'mysql.royal-host.ru' (10061)'
[23:43:33] [ERROR] CConnection::CConnection - establishing connection to MySQL database failed: #2002 'Can't connect to MySQL server on 'mysql.royal-host.ru' (10061)'
[23:43:34] [ERROR] CConnection::CConnection - establishing connection to MySQL database failed: #2002 'Can't connect to MySQL server on 'mysql.royal-host.ru' (10061)'
[23:43:35] [ERROR] CConnection::CConnection - establishing connection to MySQL database failed: #2002 'Can't connect to MySQL server on 'mysql.royal-host.ru' (10061)'
[23:43:43] [ERROR] CConnection::CConnection - establishing connection to MySQL database failed: #2002 'Can't connect to MySQL server on 'mysql.royal-host.ru' (10061)'
[23:43:44] [ERROR] CConnection::CConnection - establishing connection to MySQL database failed: #2002 'Can't connect to MySQL server on 'mysql.royal-host.ru' (10061)'
[23:43:45] [ERROR] CConnection::CConnection - establishing connection to MySQL database failed: #2002 'Can't connect to MySQL server on 'mysql.royal-host.ru' (10061)'
[23:43:46] [ERROR] CConnection::CConnection - establishing connection to MySQL database failed: #2002 'Can't connect to MySQL server on 'mysql.royal-host.ru' (10061)'
[23:45:28] [ERROR] CConnection::CConnection - establishing connection to MySQL database failed: #2002 'Can't connect to MySQL server on 'mysql.royal-host.ru' (10061)'
[23:45:29] [ERROR] CConnection::CConnection - establishing connection to MySQL database failed: #2002 'Can't connect to MySQL server on 'mysql.royal-host.ru' (10061)'
[23:45:30] [ERROR] CConnection::CConnection - establishing connection to MySQL database failed: #2002 'Can't connect to MySQL server on 'mysql.royal-host.ru' (10061)'
[23:45:31] [ERROR] CConnection::CConnection - establishing connection to MySQL database failed: #2002 'Can't connect to MySQL server on 'mysql.royal-host.ru' (10061)'
[23:49:26] [ERROR] CConnection::CConnection - establishing connection to MySQL database failed: #2002 'Can't connect to MySQL server on 'mysql.royal-host.ru' (10061)'
[23:49:27] [ERROR] CConnection::CConnection - establishing connection to MySQL database failed: #2002 'Can't connect to MySQL server on 'mysql.royal-host.ru' (10061)'
[23:49:28] [ERROR] CConnection::CConnection - establishing connection to MySQL database failed: #2002 'Can't connect to MySQL server on 'mysql.royal-host.ru' (10061)'
[23:49:29] [ERROR] CConnection::CConnection - establishing connection to MySQL database failed: #2002 'Can't connect to MySQL server on 'mysql.royal-host.ru' (10061)'
[23:51:34] [ERROR] CConnection::CConnection - establishing connection to MySQL database failed: #2002 'Can't connect to MySQL server on 'mysql.royal-host.ru' (10061)'
[23:51:35] [ERROR] CConnection::CConnection - establishing connection to MySQL database failed: #2002 'Can't connect to MySQL server on 'mysql.royal-host.ru' (10061)'
[23:51:36] [ERROR] CConnection::CConnection - establishing connection to MySQL database failed: #2002 'Can't connect to MySQL server on 'mysql.royal-host.ru' (10061)'
[23:51:37] [ERROR] CConnection::CConnection - establishing connection to MySQL database failed: #2002 'Can't connect to MySQL server on 'mysql.royal-host.ru' (10061)'
[15:04:32] [ERROR] CConnection::CConnection - establishing connection to MySQL database failed: #2002 'Can't connect to MySQL server on 'mysql.royal-host.ru' (10061)'
[15:04:33] [ERROR] CConnection::CConnection - establishing connection to MySQL database failed: #2002 'Can't connect to MySQL server on 'mysql.royal-host.ru' (10061)'
[15:04:34] [ERROR] CConnection::CConnection - establishing connection to MySQL database failed: #2002 'Can't connect to MySQL server on 'mysql.royal-host.ru' (10061)'
[15:04:35] [ERROR] CConnection::CConnection - establishing connection to MySQL database failed: #2002 'Can't connect to MySQL server on 'mysql.royal-host.ru' (10061)'
[15:06:00] [ERROR] CConnection::CConnection - establishing connection to MySQL database failed: #2002 'Can't connect to MySQL server on 'mysql.royal-host.ru' (10061)'
[15:06:01] [ERROR] CConnection::CConnection - establishing connection to MySQL database failed: #2002 'Can't connect to MySQL server on 'mysql.royal-host.ru' (10061)'
[15:06:02] [ERROR] CConnection::CConnection - establishing connection to MySQL database failed: #2002 'Can't connect to MySQL server on 'mysql.royal-host.ru' (10061)'
[15:06:03] [ERROR] CConnection::CConnection - establishing connection to MySQL database failed: #2002 'Can't connect to MySQL server on 'mysql.royal-host.ru' (10061)'
[18:52:47] [ERROR] CConnection::CConnection - establishing connection to MySQL database failed: #2002 'Can't connect to MySQL server on '185.211.247.111' (10061)'
[18:52:48] [ERROR] CConnection::CConnection - establishing connection to MySQL database failed: #2002 'Can't connect to MySQL server on '185.211.247.111' (10061)'
[18:52:50] [ERROR] CConnection::CConnection - establishing connection to MySQL database failed: #2002 'Can't connect to MySQL server on '185.211.247.111' (10061)'
[18:52:51] [ERROR] CConnection::CConnection - establishing connection to MySQL database failed: #2002 'Can't connect to MySQL server on '185.211.247.111' (10061)'
[22:33:07] [ERROR] CConnection::CConnection - establishing connection to MySQL database failed: #2002 'Can't connect to MySQL server on '185.211.247.111' (10060)'
[22:33:08] [ERROR] CConnection::CConnection - establishing connection to MySQL database failed: #2002 'Can't connect to MySQL server on '185.211.247.111' (10061)'
[22:33:09] [ERROR] CConnection::CConnection - establishing connection to MySQL database failed: #2002 'Can't connect to MySQL server on '185.211.247.111' (10061)'
[22:33:10] [ERROR] CConnection::CConnection - establishing connection to MySQL database failed: #2002 'Can't connect to MySQL server on '185.211.247.111' (10061)'
[22:34:21] [ERROR] CConnection::CConnection - establishing connection to MySQL database failed: #2002 'Can't connect to MySQL server on '185.211.247.111' (10060)'
[22:34:22] [ERROR] CConnection::CConnection - establishing connection to MySQL database failed: #2002 'Can't connect to MySQL server on '185.211.247.111' (10061)'
[22:34:23] [ERROR] CConnection::CConnection - establishing connection to MySQL database failed: #2002 'Can't connect to MySQL server on '185.211.247.111' (10061)'
[22:34:30] [ERROR] CConnection::CConnection - establishing connection to MySQL database failed: #2002 'Can't connect to MySQL server on '185.211.247.111' (10061)'
[00:00:42] [ERROR] cache_get_value_name_int: invalid row index '0' (number of rows: '0') (../includes/registration.inc:187)
[00:30:01] [ERROR] cache_get_value_name_int: invalid row index '0' (number of rows: '0') (../includes/registration.inc:180)
