[2019.08.08|16:26:56]Администратор Secret_User выдал 5000000 рублей игроку Secret_User
[2019.08.10|19:35:04]Администратор Secret_User выдал 500000 рублей игроку Secret_User
[2019.08.10|19:35:41]Администратор Secret_User выдал 500000 рублей игроку Secret_User
[2019.08.10|19:35:41]Администратор Secret_User выдал 500000 рублей игроку Secret_User
[2019.08.10|19:36:47]Администратор Secret_User выдал 500000 рублей игроку Secret_User
[2019.08.10|19:36:47]Администратор Secret_User выдал 500000 рублей игроку Secret_User
[2019.08.20|10:28:56]Администратор Roma_Omegov выдал 900 рублей игроку Roma_Omegov
[2019.08.20|10:28:57]Администратор Roma_Omegov выдал 900 рублей игроку Roma_Omegov
[2019.08.20|10:29:08]Администратор Roma_Omegov выдал 100000 рублей игроку Roma_Omegov
[2019.08.28|17:11:14]Администратор Roma_Omegov выдал 100 рублей игроку Roma_Omegov
[2019.09.08|10:39:15]Администратор Roma_Omegov выдал 500000 рублей игроку Roma_Omegov
[2019.09.08|10:39:29]Администратор Roma_Omegov выдал 5500000 рублей игроку Roma_Omegov
[2019.10.12|22:42:49]Администратор Roma_Omegov выдал 5000000 рублей игроку Roma_Omegov
[2019.10.19|18:24:38]Администратор Roma_Omegov выдал 5000000 рублей игроку Roma_Omegov
[2019.10.21|14:56:09]Администратор Roma_Omegov выдал 50000 рублей игроку Roma_Omegov
[2019.11.23|20:26:44]Администратор Roma_Omegov выдал 90000 рублей игроку Ruslan_Omegov
[2019.11.24|09:19:23]Администратор Ruslan_Omegov выдал 99999 рублей игроку Ruslan_Omegov
[2019.11.24|09:23:07]Администратор Ruslan_Omegov выдал 25000000 рублей игроку Ruslan_Omegov
[2019.12.29|19:55:36]Администратор Folinq_Weard выдал 10000 рублей игроку Folinq_Weard
[2019.12.30|16:02:23]Администратор Folinq_Weard выдал 500000 рублей игроку Folinq_Weard
[2019.12.30|16:02:46]Администратор Folinq_Weard выдал 5000000 рублей игроку Folinq_Weard
[2019.12.30|16:02:47]Администратор Folinq_Weard выдал 5000000 рублей игроку Folinq_Weard
[2019.12.30|16:02:47]Администратор Folinq_Weard выдал 5000000 рублей игроку Folinq_Weard
[2019.12.30|16:03:06]Администратор Folinq_Weard выдал 5000000 рублей игроку Folinq_Weard
[2019.12.30|16:03:07]Администратор Folinq_Weard выдал 5000000 рублей игроку Folinq_Weard
[2019.12.30|16:03:08]Администратор Folinq_Weard выдал 5000000 рублей игроку Folinq_Weard
[2019.12.30|16:03:08]Администратор Folinq_Weard выдал 5000000 рублей игроку Folinq_Weard
[2019.12.30|16:03:09]Администратор Folinq_Weard выдал 5000000 рублей игроку Folinq_Weard
[2019.12.30|16:03:09]Администратор Folinq_Weard выдал 5000000 рублей игроку Folinq_Weard
[2019.12.30|16:03:10]Администратор Folinq_Weard выдал 5000000 рублей игроку Folinq_Weard
[2019.12.30|16:03:10]Администратор Folinq_Weard выдал 5000000 рублей игроку Folinq_Weard
[2019.12.30|16:03:10]Администратор Folinq_Weard выдал 5000000 рублей игроку Folinq_Weard
[2019.12.30|16:03:11]Администратор Folinq_Weard выдал 5000000 рублей игроку Folinq_Weard
[2019.12.30|16:03:11]Администратор Folinq_Weard выдал 5000000 рублей игроку Folinq_Weard
[2019.12.30|16:03:11]Администратор Folinq_Weard выдал 5000000 рублей игроку Folinq_Weard
[2019.12.30|16:03:12]Администратор Folinq_Weard выдал 5000000 рублей игроку Folinq_Weard
[2019.12.30|16:03:12]Администратор Folinq_Weard выдал 5000000 рублей игроку Folinq_Weard
[2019.12.30|16:03:13]Администратор Folinq_Weard выдал 5000000 рублей игроку Folinq_Weard
[2019.12.30|16:03:13]Администратор Folinq_Weard выдал 5000000 рублей игроку Folinq_Weard
[2019.12.30|16:03:13]Администратор Folinq_Weard выдал 5000000 рублей игроку Folinq_Weard
[2019.12.30|16:03:14]Администратор Folinq_Weard выдал 5000000 рублей игроку Folinq_Weard
[2019.12.30|16:06:40]Администратор Roma_Omegov выдал 1000000 рублей игроку Roma_Omegov
[2019.12.30|21:20:00]Администратор Roma_Omegov выдал 1000000 рублей игроку Roma_Omegov
[2019.12.30|21:21:33]Администратор Folinq_Weard выдал 1000000 рублей игроку Folinq_Weard
[2020.01.06|21:52:52]Администратор Roma_Omegov выдал 1000000 рублей игроку Roma_Omegov
[2020.01.06|21:58:36]Администратор Folinq_Weard выдал 5000000 рублей игроку Folinq_Weard
